index.html:51 1585176181115, keypress, O, right
index.html:33 1585176181163, keyup, O, right
index.html:33 1585176181225, keyup, Shift, left
index.html:51 1585176181356, keypress, n, right
index.html:33 1585176181418, keyup, n, right
index.html:51 1585176181522, keypress, e, left
index.html:33 1585176181570, keyup, e, left
index.html:51 1585176181736, keypress, Space, center
index.html:33 1585176181775, keyup, Space, center
index.html:51 1585176181939, keypress, d, left
index.html:33 1585176182034, keyup, d, left
index.html:51 1585176182196, keypress, a, left
index.html:33 1585176182275, keyup, a, left
index.html:51 1585176182345, keypress, y, right
index.html:33 1585176182400, keyup, y, right
index.html:51 1585176182804, keypress, ,, right
index.html:33 1585176182856, keyup, ,, right
index.html:51 1585176183035, keypress, Space, center
index.html:33 1585176183102, keyup, Space, center
index.html:51 1585176184780, keypress, w, left
index.html:33 1585176184854, keyup, w, left
index.html:51 1585176185087, keypress, h, right
index.html:33 1585176185151, keyup, h, right
index.html:51 1585176185349, keypress, i, right
index.html:33 1585176185404, keyup, i, right
index.html:51 1585176185540, keypress, l, right
index.html:33 1585176185603, keyup, l, right
index.html:51 1585176185661, keypress, e, left
index.html:33 1585176185715, keyup, e, left
index.html:51 1585176185936, keypress, Space, center
index.html:33 1585176185994, keyup, Space, center
index.html:51 1585176186771, keypress, M, right
index.html:33 1585176186801, keyup, M, right
index.html:33 1585176186875, keyup, Shift, left
index.html:51 1585176187121, keypress, o, left
index.html:33 1585176187162, keyup, o, left
index.html:51 1585176187871, keypress, w, left
index.html:33 1585176187906, keyup, w, left
index.html:51 1585176188571, keypress, g, left
index.html:33 1585176188610, keyup, g, left
index.html:51 1585176188919, keypress, l, right
index.html:33 1585176188967, keyup, l, right
index.html:51 1585176189140, keypress, i, right
index.html:33 1585176189189, keyup, i, right
index.html:51 1585176189424, keypress, Space, center
index.html:33 1585176189479, keyup, Space, center
index.html:51 1585176190087, keypress, w, left
index.html:33 1585176190142, keyup, w, left
index.html:51 1585176190304, keypress, a, left
index.html:33 1585176190360, keyup, a, left
index.html:51 1585176190492, keypress, s, left
index.html:33 1585176190537, keyup, s, left
index.html:51 1585176190680, keypress, Space, center
index.html:33 1585176190717, keyup, Space, center
index.html:51 1585176191404, keypress, p, left
index.html:33 1585176191467, keyup, p, left
index.html:51 1585176191595, keypress, l, right
index.html:33 1585176191643, keyup, l, right
index.html:51 1585176191752, keypress, a, left
index.html:33 1585176191809, keyup, a, left
index.html:51 1585176191960, keypress, y, right
index.html:33 1585176192010, keyup, y, right
index.html:51 1585176192143, keypress, i, right
index.html:33 1585176192206, keyup, i, right
index.html:51 1585176192338, keypress, n, right
index.html:33 1585176192388, keyup, n, right
index.html:51 1585176192589, keypress, g, left
index.html:33 1585176192638, keyup, g, left
index.html:51 1585176192730, keypress, Space, center
index.html:33 1585176192794, keyup, Space, center
index.html:33 1585176193541, keyup, Backspace, right
index.html:51 1585176193848, keypress, ,, right
index.html:33 1585176193873, keyup, ,, right
index.html:51 1585176194029, keypress, Space, center
index.html:33 1585176194122, keyup, Space, center
index.html:51 1585176194480, keypress, B, left
index.html:33 1585176194538, keyup, B, left
index.html:33 1585176194561, keyup, Shift, left
index.html:51 1585176194905, keypress, h, right
index.html:33 1585176194971, keyup, h, right
index.html:51 1585176195031, keypress, a, left
index.html:33 1585176195088, keyup, a, left
index.html:51 1585176195305, keypress, l, right
index.html:33 1585176195373, keyup, l, right
index.html:51 1585176195728, keypress, o, left
index.html:33 1585176195773, keyup, o, left
index.html:51 1585176195850, keypress, o, left
index.html:33 1585176195921, keyup, o, left
index.html:51 1585176196022, keypress, Space, center
index.html:33 1585176196101, keyup, Space, center
index.html:51 1585176196423, keypress, c, left
index.html:33 1585176196486, keyup, c, left
index.html:51 1585176196669, keypress, a, left
index.html:33 1585176196760, keyup, a, left
index.html:51 1585176196837, keypress, m, right
index.html:33 1585176196889, keyup, m, right
index.html:51 1585176196981, keypress, e, left
index.html:33 1585176197040, keyup, e, left
index.html:51 1585176197151, keypress, Space, center
index.html:33 1585176197195, keyup, Space, center
index.html:51 1585176197428, keypress, r, left
index.html:33 1585176197477, keyup, r, left
index.html:51 1585176197643, keypress, u, right
index.html:33 1585176197696, keyup, u, right
index.html:51 1585176198022, keypress, n, right
index.html:33 1585176198077, keyup, n, right
index.html:51 1585176198158, keypress, n, right
index.html:33 1585176198219, keyup, n, right
index.html:51 1585176198355, keypress, i, right
index.html:33 1585176198406, keyup, i, right
index.html:51 1585176198555, keypress, n, right
index.html:33 1585176198611, keyup, n, right
index.html:51 1585176199331, keypress, g, left
index.html:33 1585176199384, keyup, g, left
index.html:51 1585176199489, keypress, Space, center
index.html:33 1585176199576, keyup, Space, center
index.html:51 1585176200208, keypress, t, left
index.html:33 1585176200263, keyup, t, left
index.html:51 1585176200363, keypress, o, left
index.html:33 1585176200410, keyup, o, left
index.html:51 1585176200478, keypress, Space, center
index.html:33 1585176200561, keyup, Space, center
index.html:51 1585176201050, keypress, M, right
index.html:33 1585176201087, keyup, M, right
index.html:33 1585176201116, keyup, Shift, left
index.html:51 1585176201254, keypress, o, left
index.html:33 1585176201291, keyup, o, left
index.html:51 1585176201477, keypress, w, left
index.html:33 1585176201545, keyup, w, left
index.html:51 1585176202071, keypress, g, left
index.html:33 1585176202120, keyup, g, left
index.html:51 1585176202327, keypress, l, right
index.html:33 1585176202375, keyup, l, right
index.html:51 1585176202476, keypress, i, right
index.html:33 1585176202530, keyup, i, right
index.html:51 1585176203037, keypress, Space, center
index.html:33 1585176203109, keyup, Space, center
index.html:51 1585176203352, keypress, a, left
index.html:33 1585176203421, keyup, a, left
index.html:51 1585176203472, keypress, n, right
index.html:33 1585176203523, keyup, n, right
index.html:51 1585176203594, keypress, d, left
index.html:33 1585176203643, keyup, d, left
index.html:51 1585176203719, keypress, Space, center
index.html:33 1585176203762, keyup, Space, center
index.html:51 1585176204160, keypress, s, left
index.html:33 1585176204210, keyup, s, left
index.html:51 1585176204373, keypress, a, left
index.html:33 1585176204409, keyup, a, left
index.html:51 1585176204568, keypress, i, right
index.html:33 1585176204625, keyup, i, right
index.html:51 1585176204762, keypress, d, left
index.html:33 1585176204805, keyup, d, left
index.html:51 1585176205190, keypress, ,, right
index.html:33 1585176205227, keyup, ,, right
index.html:51 1585176205340, keypress, Space, center
index.html:33 1585176205419, keyup, Space, center
index.html:51 1585176206025, keypress, ", right
index.html:33 1585176206068, keyup, ", right
index.html:51 1585176206135, keypress, ", right
index.html:33 1585176206205, keyup, ", right
index.html:33 1585176206269, keyup, Shift, left
index.html:33 1585176206753, keyup, ArrowLeft, right
index.html:51 1585176207395, keypress, M, right
index.html:33 1585176207463, keyup, M, right
index.html:33 1585176207519, keyup, Shift, left
index.html:51 1585176207607, keypress, o, left
index.html:33 1585176207671, keyup, o, left
index.html:51 1585176208295, keypress, w, left
index.html:33 1585176208347, keyup, w, left
index.html:51 1585176208724, keypress, g, left
index.html:33 1585176208771, keyup, g, left
index.html:51 1585176209043, keypress, l, right
index.html:33 1585176209105, keyup, l, right
index.html:51 1585176209222, keypress, i, right
index.html:33 1585176209270, keyup, i, right
index.html:51 1585176209982, keypress, ,, right
index.html:33 1585176210018, keyup, ,, right
index.html:51 1585176210120, keypress, Space, center
index.html:33 1585176210161, keyup, Space, center
index.html:51 1585176210798, keypress, S, left
index.html:33 1585176210854, keyup, Shift, left
index.html:33 1585176210905, keyup, s, left
index.html:51 1585176210984, keypress, h, right
index.html:33 1585176211036, keyup, h, right
index.html:51 1585176211135, keypress, e, left
index.html:33 1585176211193, keyup, e, left
index.html:51 1585176211331, keypress, r, left
index.html:33 1585176211383, keyup, r, left
index.html:51 1585176211550, keypress, Space, center
index.html:33 1585176211585, keyup, Space, center
index.html:51 1585176211954, keypress, K, right
index.html:33 1585176211995, keyup, K, right
index.html:33 1585176212015, keyup, Shift, left
index.html:51 1585176212189, keypress, h, right
index.html:33 1585176212243, keyup, h, right
index.html:51 1585176212311, keypress, a, left
index.html:33 1585176212369, keyup, a, left
index.html:51 1585176212781, keypress, n, right
index.html:33 1585176212824, keyup, n, right
index.html:51 1585176214055, keypress, Space, center
index.html:33 1585176214113, keyup, Space, center
index.html:51 1585176214685, keypress, i, right
index.html:33 1585176214731, keyup, i, right
index.html:51 1585176214777, keypress, s, left
index.html:33 1585176214841, keyup, s, left
index.html:51 1585176214955, keypress, Space, center
index.html:33 1585176215002, keyup, Space, center
index.html:51 1585176215197, keypress, i, right
index.html:33 1585176215254, keyup, i, right
index.html:51 1585176215390, keypress, n, right
index.html:33 1585176215443, keyup, n, right
index.html:51 1585176215503, keypress, Space, center
index.html:33 1585176215592, keyup, Space, center
index.html:51 1585176215872, keypress, a, left
index.html:33 1585176215944, keyup, a, left
index.html:51 1585176216015, keypress, Space, center
index.html:33 1585176216074, keyup, Space, center
index.html:51 1585176216853, keypress, t, left
index.html:33 1585176216893, keyup, t, left
index.html:51 1585176216970, keypress, e, left
index.html:33 1585176217023, keyup, e, left
index.html:51 1585176217240, keypress, r, left
index.html:33 1585176217286, keyup, r, left
index.html:51 1585176217385, keypress, r, left
index.html:33 1585176217437, keyup, r, left
index.html:51 1585176217557, keypress, i, right
index.html:33 1585176217621, keyup, i, right
index.html:51 1585176217776, keypress, b, left
index.html:33 1585176217820, keyup, b, left
index.html:51 1585176218019, keypress, l, right
index.html:33 1585176218072, keyup, l, right
index.html:51 1585176218145, keypress, e, left
index.html:33 1585176218201, keyup, e, left
index.html:51 1585176218250, keypress, Space, center
index.html:33 1585176218310, keyup, Space, center
index.html:51 1585176218555, keypress, t, left
index.html:33 1585176218601, keyup, t, left
index.html:51 1585176218674, keypress, e, left
index.html:33 1585176218722, keyup, e, left
index.html:51 1585176218994, keypress, m, right
index.html:33 1585176219036, keyup, m, right
index.html:51 1585176219380, keypress, b, left
index.html:33 1585176219426, keyup, b, left
index.html:51 1585176219492, keypress, e, left
index.html:33 1585176219572, keyup, e, left
index.html:51 1585176219953, keypress, r, left
index.html:33 1585176219988, keyup, r, left
index.html:33 1585176221653, keyup, Backspace, right
index.html:33 1585176221803, keyup, Backspace, right
index.html:33 1585176221963, keyup, Backspace, right
index.html:51 1585176222503, keypress, p, left
index.html:33 1585176222553, keyup, p, left
index.html:51 1585176222644, keypress, e, left
index.html:33 1585176222712, keyup, e, left
index.html:51 1585176222957, keypress, r, left
index.html:33 1585176223019, keyup, r, left
index.html:51 1585176223426, keypress, ., right
index.html:33 1585176223479, keyup, ., right
index.html:51 1585176224689, keypress, Space, center
index.html:33 1585176224807, keyup, Space, center
index.html:51 1585176225589, keypress, H, right
index.html:33 1585176225638, keyup, H, right
index.html:33 1585176225678, keyup, Shift, left
index.html:51 1585176225843, keypress, e, left
index.html:33 1585176225910, keyup, e, left
index.html:51 1585176225996, keypress, Space, center
index.html:33 1585176226063, keyup, Space, center
index.html:51 1585176226961, keypress, i, right
index.html:33 1585176227018, keyup, i, right
index.html:51 1585176227085, keypress, s, left
index.html:33 1585176227130, keyup, s, left
index.html:51 1585176227266, keypress, Space, center
index.html:33 1585176227327, keyup, Space, center
index.html:51 1585176227605, keypress, g, left
index.html:33 1585176227645, keyup, g, left
index.html:51 1585176227836, keypress, o, left
index.html:33 1585176227895, keyup, o, left
index.html:51 1585176227980, keypress, i, right
index.html:33 1585176228044, keyup, i, right
index.html:51 1585176228235, keypress, n, right
index.html:33 1585176228275, keyup, n, right
index.html:51 1585176228470, keypress, g, left
index.html:33 1585176228509, keyup, g, left
index.html:51 1585176228591, keypress, Space, center
index.html:33 1585176228675, keyup, Space, center
index.html:51 1585176229099, keypress, a, left
index.html:33 1585176229144, keyup, a, left
index.html:51 1585176229395, keypress, r, left
index.html:33 1585176229452, keyup, r, left
index.html:51 1585176229598, keypress, o, left
index.html:33 1585176229653, keyup, o, left
index.html:51 1585176229785, keypress, u, right
index.html:33 1585176229836, keyup, u, right
index.html:51 1585176230762, keypress, n, right
index.html:33 1585176230795, keyup, n, right
index.html:51 1585176231638, keypress, d, left
index.html:33 1585176231702, keyup, d, left
index.html:51 1585176231791, keypress, Space, center
index.html:33 1585176231857, keyup, Space, center
index.html:51 1585176232082, keypress, t, left
index.html:33 1585176232128, keyup, t, left
index.html:51 1585176232190, keypress, e, left
index.html:33 1585176232258, keyup, e, left
index.html:51 1585176232523, keypress, l, right
index.html:33 1585176232562, keyup, l, right
index.html:51 1585176232654, keypress, l, right
index.html:33 1585176232707, keyup, l, right
index.html:51 1585176232872, keypress, i, right
index.html:33 1585176232921, keyup, i, right
index.html:51 1585176233145, keypress, n, right
index.html:33 1585176233190, keyup, n, right
index.html:51 1585176233323, keypress, g, left
index.html:33 1585176233361, keyup, g, left
index.html:51 1585176233436, keypress, Space, center
index.html:33 1585176233514, keyup, Space, center
index.html:51 1585176233739, keypress, e, left
index.html:33 1585176233818, keyup, e, left
index.html:51 1585176234262, keypress, v, left
index.html:33 1585176234320, keyup, v, left
index.html:51 1585176234438, keypress, e, left
index.html:33 1585176234500, keyup, e, left
index.html:51 1585176234662, keypress, r, left
index.html:33 1585176234713, keyup, r, left
index.html:51 1585176234905, keypress, y, right
index.html:33 1585176234956, keyup, y, right
index.html:51 1585176235176, keypress, o, left
index.html:33 1585176235237, keyup, o, left
index.html:51 1585176235410, keypress, n, right
index.html:33 1585176235485, keyup, n, right
index.html:51 1585176235597, keypress, e, left
index.html:33 1585176235654, keyup, e, left
index.html:51 1585176235742, keypress, Space, center
index.html:33 1585176235820, keyup, Space, center
index.html:51 1585176236243, keypress, t, left
index.html:33 1585176236298, keyup, t, left
index.html:51 1585176236422, keypress, h, right
index.html:33 1585176236490, keyup, h, right
index.html:51 1585176236555, keypress, a, left
index.html:33 1585176236613, keyup, a, left
index.html:51 1585176236696, keypress, t, left
index.html:33 1585176236763, keyup, t, left
index.html:51 1585176236848, keypress, Space, center
index.html:33 1585176236914, keyup, Space, center
index.html:51 1585176237102, keypress, h, right
index.html:33 1585176237150, keyup, h, right
index.html:51 1585176237215, keypress, e, left
index.html:33 1585176237278, keyup, e, left
index.html:51 1585176237408, keypress, Space, center
index.html:33 1585176237451, keyup, Space, center
index.html:51 1585176237926, keypress, w, left
index.html:33 1585176237981, keyup, w, left
index.html:51 1585176238138, keypress, a, left
index.html:33 1585176238190, keyup, a, left
index.html:51 1585176238269, keypress, n, right
index.html:33 1585176238316, keyup, n, right
index.html:51 1585176238487, keypress, t, left
index.html:33 1585176238540, keyup, t, left
index.html:51 1585176238645, keypress, s, left
index.html:33 1585176238695, keyup, s, left
index.html:51 1585176238791, keypress, Space, center
index.html:33 1585176238837, keyup, Space, center
index.html:51 1585176239475, keypress, t, left
index.html:33 1585176239529, keyup, t, left
index.html:51 1585176239602, keypress, o, left
index.html:33 1585176239653, keyup, o, left
index.html:51 1585176239751, keypress, Space, center
index.html:33 1585176239805, keyup, Space, center
index.html:51 1585176240855, keypress, h, right
index.html:33 1585176240893, keyup, h, right
index.html:51 1585176241031, keypress, u, right
index.html:33 1585176241080, keyup, u, right
index.html:51 1585176241218, keypress, r, left
index.html:33 1585176241255, keyup, r, left
index.html:51 1585176241438, keypress, t, left
index.html:33 1585176241477, keyup, t, left
index.html:51 1585176241565, keypress, Space, center
index.html:33 1585176241644, keyup, Space, center
index.html:51 1585176241789, keypress, y, right
index.html:33 1585176241837, keyup, y, right
index.html:51 1585176242069, keypress, o, left
index.html:33 1585176242164, keyup, o, left
index.html:51 1585176242325, keypress, u, right
index.html:33 1585176242370, keyup, u, right
index.html:51 1585176242721, keypress, ., right
index.html:33 1585176242790, keyup, ., right
index.html:51 1585176244338, keypress, ", right
index.html:33 1585176244390, keyup, ", right
index.html:33 1585176244462, keyup, Shift, left
index.html:51 1585176244808, keypress, Space, center
index.html:33 1585176244918, keyup, Space, center
index.html:51 1585176245595, keypress, M, right
index.html:33 1585176245644, keyup, M, right
index.html:33 1585176245686, keyup, Shift, left
index.html:51 1585176245838, keypress, o, left
index.html:33 1585176245896, keyup, o, left
index.html:51 1585176246578, keypress, w, left
index.html:33 1585176246627, keyup, w, left
index.html:51 1585176246865, keypress, g, left
index.html:33 1585176246917, keyup, g, left
index.html:51 1585176247119, keypress, l, right
index.html:33 1585176247178, keyup, l, right
index.html:51 1585176247289, keypress, i, right
index.html:33 1585176247343, keyup, i, right
index.html:51 1585176247448, keypress, Space, center
index.html:33 1585176247518, keyup, Space, center
index.html:51 1585176247852, keypress, s, left
index.html:33 1585176247905, keyup, s, left
index.html:51 1585176248045, keypress, a, left
index.html:33 1585176248114, keyup, a, left
index.html:51 1585176248229, keypress, i, right
index.html:33 1585176248292, keyup, i, right
index.html:51 1585176248341, keypress, d, left
index.html:33 1585176248393, keyup, d, left
index.html:51 1585176248692, keypress, ,, right
index.html:33 1585176248758, keyup, ,, right
index.html:51 1585176248872, keypress, Space, center
index.html:33 1585176248939, keyup, Space, center
index.html:51 1585176250080, keypress, D, left
index.html:33 1585176250158, keyup, Shift, left
index.html:33 1585176250190, keyup, d, left
index.html:51 1585176250423, keypress, o, left
index.html:33 1585176250503, keyup, o, left
index.html:51 1585176250896, keypress, n, right
index.html:33 1585176250978, keyup, n, right
index.html:51 1585176251464, keypress, ', right
index.html:33 1585176251503, keyup, ', right
index.html:51 1585176251867, keypress, t, left
index.html:33 1585176251912, keyup, t, left
index.html:51 1585176252055, keypress, Space, center
index.html:33 1585176252115, keyup, Space, center
index.html:51 1585176252548, keypress, w, left
index.html:33 1585176252591, keyup, w, left
index.html:51 1585176252705, keypress, o, left
index.html:33 1585176252761, keyup, o, left
index.html:51 1585176252951, keypress, r, left
index.html:33 1585176252993, keyup, r, left
index.html:51 1585176253104, keypress, r, left
index.html:33 1585176253142, keyup, r, left
index.html:51 1585176253309, keypress, y, right
index.html:33 1585176253355, keyup, y, right
index.html:51 1585176253474, keypress, Space, center
index.html:33 1585176253553, keyup, Space, center
index.html:51 1585176254383, keypress, B, left
index.html:33 1585176254441, keyup, B, left
index.html:33 1585176254470, keyup, Shift, left
index.html:51 1585176254837, keypress, h, right
index.html:33 1585176254898, keyup, h, right
index.html:51 1585176254989, keypress, a, left
index.html:33 1585176255043, keyup, a, left
index.html:51 1585176255892, keypress, l, right
index.html:33 1585176255944, keyup, l, right
index.html:51 1585176256305, keypress, o, left
index.html:33 1585176256343, keyup, o, left
index.html:51 1585176256420, keypress, o, left
index.html:33 1585176256486, keyup, o, left
index.html:51 1585176258558, keypress, ,, right
index.html:33 1585176258594, keyup, ,, right
index.html:51 1585176258672, keypress, Space, center
index.html:33 1585176258752, keyup, Space, center
index.html:51 1585176259124, keypress, I, right
index.html:33 1585176259181, keyup, I, right
index.html:33 1585176259229, keyup, Shift, left
index.html:51 1585176259360, keypress, Space, center
index.html:33 1585176259411, keyup, Space, center
index.html:51 1585176259782, keypress, c, left
index.html:33 1585176259827, keyup, c, left
index.html:51 1585176259927, keypress, a, left
index.html:33 1585176259996, keyup, a, left
index.html:51 1585176260073, keypress, n, right
index.html:33 1585176260111, keyup, n, right
index.html:51 1585176260221, keypress, Space, center
index.html:33 1585176260289, keyup, Space, center
index.html:51 1585176260751, keypress, p, left
index.html:33 1585176260804, keyup, p, left
index.html:51 1585176260896, keypress, r, left
index.html:33 1585176260947, keyup, r, left
index.html:51 1585176261197, keypress, o, left
index.html:33 1585176261254, keyup, o, left
index.html:51 1585176261587, keypress, t, left
index.html:33 1585176261621, keyup, t, left
index.html:51 1585176261689, keypress, e, left
index.html:33 1585176261763, keyup, e, left
index.html:51 1585176261952, keypress, c, left
index.html:33 1585176262020, keyup, c, left
index.html:51 1585176262104, keypress, t, left
index.html:33 1585176262157, keyup, t, left
index.html:51 1585176262934, keypress, Space, center
index.html:33 1585176263005, keyup, Space, center
index.html:51 1585176263121, keypress, m, right
index.html:33 1585176263163, keyup, m, right
index.html:51 1585176263342, keypress, u, right
index.html:33 1585176263370, keyup, u, right
index.html:33 1585176263908, keyup, Backspace, right
index.html:51 1585176264149, keypress, y, right
index.html:33 1585176264186, keyup, y, right
index.html:51 1585176264314, keypress, s, left
index.html:33 1585176264363, keyup, s, left
index.html:51 1585176264632, keypress, e, left
index.html:33 1585176264681, keyup, e, left
index.html:51 1585176264982, keypress, l, right
index.html:33 1585176265033, keyup, l, right
index.html:51 1585176265113, keypress, f, left
index.html:33 1585176265160, keyup, f, left
index.html:51 1585176265971, keypress, ., right
index.html:33 1585176266012, keyup, ., right
index.html:51 1585176266917, keypress, Space, center
index.html:33 1585176267041, keyup, Space, center
index.html:51 1585176269021, keypress, M, right
index.html:33 1585176269053, keyup, M, right
index.html:33 1585176269145, keyup, Shift, left
index.html:51 1585176269431, keypress, o, left
index.html:33 1585176269477, keyup, o, left
index.html:51 1585176270060, keypress, w, left
index.html:33 1585176270114, keyup, w, left
index.html:51 1585176271291, keypress, g, left
index.html:33 1585176271337, keyup, g, left
index.html:51 1585176271549, keypress, l, right
index.html:33 1585176271616, keyup, l, right
index.html:51 1585176271845, keypress, i, right
index.html:33 1585176271897, keyup, i, right
index.html:51 1585176272027, keypress, Space, center
index.html:33 1585176272123, keyup, Space, center
index.html:51 1585176272417, keypress, h, right
index.html:33 1585176272473, keyup, h, right
index.html:51 1585176272531, keypress, a, left
index.html:33 1585176272613, keyup, a, left
index.html:51 1585176272772, keypress, d, left
index.html:33 1585176272825, keyup, d, left
index.html:51 1585176272976, keypress, Space, center
index.html:33 1585176273020, keyup, Space, center
index.html:51 1585176273417, keypress, a, left
index.html:33 1585176273502, keyup, a, left
index.html:51 1585176273887, keypress, Space, center
index.html:33 1585176273929, keyup, Space, center
index.html:51 1585176274498, keypress, p, left
index.html:33 1585176274555, keyup, p, left
index.html:51 1585176274705, keypress, l, right
index.html:33 1585176274743, keyup, l, right
index.html:51 1585176274864, keypress, a, left
index.html:33 1585176274936, keyup, a, left
index.html:51 1585176275176, keypress, n, right
index.html:33 1585176275222, keyup, n, right
index.html:51 1585176275643, keypress, ., right
index.html:33 1585176275681, keyup, ., right
index.html:51 1585176275826, keypress, Space, center
index.html:33 1585176275897, keyup, Space, center
index.html:51 1585176276641, keypress, I, right
index.html:33 1585176276699, keyup, I, right
index.html:33 1585176276735, keyup, Shift, left
index.html:51 1585176276981, keypress, t, left
index.html:33 1585176277038, keyup, t, left
index.html:51 1585176277134, keypress, Space, center
index.html:33 1585176277207, keyup, Space, center
index.html:51 1585176277356, keypress, w, left
index.html:33 1585176277415, keyup, w, left
index.html:51 1585176277604, keypress, a, left
index.html:33 1585176277655, keyup, a, left
index.html:51 1585176277856, keypress, s, left
index.html:33 1585176277914, keyup, s, left
index.html:51 1585176278056, keypress, Space, center
index.html:33 1585176278100, keyup, Space, center
index.html:51 1585176278594, keypress, t, left
index.html:33 1585176278651, keyup, t, left
index.html:51 1585176278787, keypress, o, left
index.html:33 1585176278837, keyup, o, left
index.html:51 1585176278911, keypress, Space, center
index.html:33 1585176278991, keyup, Space, center
index.html:51 1585176279392, keypress, c, left
index.html:33 1585176279454, keyup, c, left
index.html:51 1585176279526, keypress, o, left
index.html:33 1585176279593, keyup, o, left
index.html:51 1585176279737, keypress, u, right
index.html:33 1585176279789, keyup, u, right
index.html:51 1585176279985, keypress, n, right
index.html:33 1585176280026, keyup, n, right
index.html:51 1585176280263, keypress, t, left
index.html:33 1585176280313, keyup, t, left
index.html:51 1585176280392, keypress, e, left
index.html:33 1585176280475, keyup, e, left
index.html:51 1585176280608, keypress, r, left
index.html:33 1585176280660, keyup, r, left
index.html:51 1585176280807, keypress, Space, center
index.html:33 1585176280844, keyup, Space, center
index.html:51 1585176281142, keypress, a, left
index.html:33 1585176281194, keyup, a, left
index.html:51 1585176281407, keypress, t, left
index.html:33 1585176281454, keyup, t, left
index.html:51 1585176281523, keypress, t, left
index.html:33 1585176281588, keyup, t, left
index.html:51 1585176281643, keypress, a, left
index.html:33 1585176281677, keyup, a, left
index.html:51 1585176281884, keypress, c, left
index.html:33 1585176281937, keyup, c, left
index.html:51 1585176282258, keypress, k, left
index.html:33 1585176282308, keyup, k, left
index.html:51 1585176283496, keypress, ., right
index.html:33 1585176283538, keyup, ., right
index.html:51 1585176283652, keypress, Space, center
index.html:33 1585176283726, keyup, Space, center
index.html:51 1585176284138, keypress, H, right
index.html:33 1585176284173, keyup, H, right
index.html:33 1585176284197, keyup, Shift, left
index.html:51 1585176284365, keypress, e, left
index.html:33 1585176284411, keyup, e, left
index.html:51 1585176284552, keypress, Space, center
index.html:33 1585176284594, keyup, Space, center
index.html:51 1585176284901, keypress, w, left
index.html:33 1585176284951, keyup, w, left
index.html:51 1585176285113, keypress, a, left
index.html:33 1585176285181, keyup, a, left
index.html:51 1585176285395, keypress, n, right
index.html:33 1585176285444, keyup, n, right
index.html:51 1585176285638, keypress, t, left
index.html:33 1585176285702, keyup, t, left
index.html:51 1585176285756, keypress, e, left
index.html:51 1585176285849, keypress, d, left
index.html:33 1585176285890, keyup, e, left
index.html:33 1585176285943, keyup, d, left
index.html:51 1585176286084, keypress, Space, center
index.html:33 1585176286142, keyup, Space, center
index.html:51 1585176286896, keypress, t, left
index.html:33 1585176286947, keyup, t, left
index.html:51 1585176287065, keypress, o, left
index.html:33 1585176287114, keyup, o, left
index.html:51 1585176287163, keypress, Space, center
index.html:33 1585176287224, keyup, Space, center
index.html:51 1585176288027, keypress, l, right
index.html:33 1585176288058, keyup, l, right
index.html:51 1585176288122, keypress, e, left
index.html:33 1585176288178, keyup, e, left
index.html:51 1585176288361, keypress, t, left
index.html:33 1585176288407, keyup, t, left
index.html:51 1585176288532, keypress, Space, center
index.html:33 1585176288608, keyup, Space, center
index.html:51 1585176289198, keypress, l, right
index.html:33 1585176289258, keyup, l, right
index.html:51 1585176289554, keypress, o, left
index.html:33 1585176289592, keyup, o, left
index.html:51 1585176289670, keypress, o, left
index.html:33 1585176289737, keyup, o, left
index.html:51 1585176289933, keypress, s, left
index.html:33 1585176289987, keyup, s, left
index.html:51 1585176290147, keypress, e, left
index.html:33 1585176290188, keyup, e, left
index.html:51 1585176290336, keypress, Space, center
index.html:33 1585176290377, keyup, Space, center
index.html:51 1585176291150, keypress, t, left
index.html:33 1585176291191, keyup, t, left
index.html:51 1585176291318, keypress, h, right
index.html:33 1585176291378, keyup, h, right
index.html:51 1585176291424, keypress, e, left
index.html:33 1585176291477, keyup, e, left
index.html:51 1585176291590, keypress, Space, center
index.html:33 1585176291631, keyup, Space, center
index.html:51 1585176291866, keypress, w, left
index.html:33 1585176291939, keyup, w, left
index.html:51 1585176292183, keypress, i, right
index.html:33 1585176292220, keyup, i, right
index.html:51 1585176292396, keypress, l, right
index.html:33 1585176292446, keyup, l, right
index.html:51 1585176292572, keypress, d, left
index.html:33 1585176292635, keyup, d, left
index.html:51 1585176292779, keypress, Space, center
index.html:33 1585176292824, keyup, Space, center
index.html:51 1585176293653, keypress, b, left
index.html:33 1585176293703, keyup, b, left
index.html:51 1585176293897, keypress, u, right
index.html:33 1585176293946, keyup, u, right
index.html:51 1585176294238, keypress, l, right
index.html:33 1585176294280, keyup, l, right
index.html:51 1585176294354, keypress, l, right
index.html:33 1585176294413, keyup, l, right
index.html:51 1585176294525, keypress, s, left
index.html:33 1585176294590, keyup, s, left
index.html:51 1585176295064, keypress, Space, center
index.html:33 1585176295107, keyup, Space, center
index.html:51 1585176295559, keypress, o, left
index.html:33 1585176295614, keyup, o, left
index.html:51 1585176295726, keypress, f, left
index.html:33 1585176295777, keyup, f, left
index.html:51 1585176295836, keypress, Space, center
index.html:33 1585176295881, keyup, Space, center
index.html:51 1585176296040, keypress, t, left
index.html:33 1585176296087, keyup, t, left
index.html:51 1585176296204, keypress, h, right
index.html:33 1585176296255, keyup, h, right
index.html:51 1585176296323, keypress, e, left
index.html:33 1585176296378, keyup, e, left
index.html:51 1585176296460, keypress, Space, center
index.html:33 1585176296513, keyup, Space, center
index.html:51 1585176297238, keypress, f, left
index.html:33 1585176297308, keyup, f, left
index.html:51 1585176297479, keypress, o, left
index.html:33 1585176297538, keyup, o, left
index.html:51 1585176297679, keypress, r, left
index.html:33 1585176297727, keyup, r, left
index.html:51 1585176297872, keypress, e, left
index.html:33 1585176297929, keyup, e, left
index.html:51 1585176298146, keypress, s, left
index.html:33 1585176298205, keyup, s, left
index.html:51 1585176298327, keypress, t, left
index.html:33 1585176298377, keyup, t, left
index.html:51 1585176299066, keypress, Space, center
index.html:33 1585176299141, keyup, Space, center
index.html:51 1585176299442, keypress, o, left
index.html:33 1585176299496, keyup, o, left
index.html:51 1585176299655, keypress, n, right
index.html:33 1585176299694, keyup, n, right
index.html:51 1585176299795, keypress, Space, center
index.html:33 1585176299867, keyup, Space, center
index.html:51 1585176300214, keypress, S, left
index.html:33 1585176300291, keyup, Shift, left
index.html:33 1585176300342, keyup, s, left
index.html:51 1585176300398, keypress, h, right
index.html:33 1585176300440, keyup, h, right
index.html:51 1585176300572, keypress, e, left
index.html:33 1585176300625, keyup, e, left
index.html:51 1585176300754, keypress, r, left
index.html:33 1585176300803, keyup, r, left
index.html:51 1585176300981, keypress, Space, center
index.html:33 1585176301015, keyup, Space, center
index.html:51 1585176301393, keypress, K, right
index.html:33 1585176301420, keyup, K, right
index.html:33 1585176301528, keyup, Shift, left
index.html:51 1585176301767, keypress, h, right
index.html:33 1585176301829, keyup, h, right
index.html:51 1585176301878, keypress, a, left
index.html:33 1585176301939, keyup, a, left
index.html:51 1585176302029, keypress, n, right
index.html:33 1585176302081, keyup, n, right
index.html:51 1585176302448, keypress, ., right
index.html:33 1585176302503, keyup, ., right
index.html:51 1585176302653, keypress, Space, center
index.html:33 1585176302704, keyup, Space, center
index.html:51 1585176303405, keypress, T, left
index.html:33 1585176303440, keyup, T, left
index.html:33 1585176303476, keyup, Shift, left
index.html:51 1585176303685, keypress, o, left
index.html:33 1585176303726, keyup, o, left
index.html:51 1585176303807, keypress, Space, center
index.html:33 1585176303870, keyup, Space, center
index.html:51 1585176304052, keypress, d, left
index.html:33 1585176304105, keyup, d, left
index.html:51 1585176304152, keypress, o, left
index.html:33 1585176304204, keyup, o, left
index.html:51 1585176304278, keypress, Space, center
index.html:33 1585176304322, keyup, Space, center
index.html:51 1585176305978, keypress, t, left
index.html:33 1585176306008, keyup, t, left
index.html:51 1585176306192, keypress, h, right
index.html:33 1585176306238, keyup, h, right
index.html:51 1585176306605, keypress, i, right
index.html:33 1585176306646, keyup, i, right
index.html:51 1585176306741, keypress, s, left
index.html:33 1585176306809, keyup, s, left
index.html:51 1585176307059, keypress, Space, center
index.html:33 1585176307097, keyup, Space, center
index.html:51 1585176308277, keypress, h, right
index.html:33 1585176308327, keyup, h, right
index.html:51 1585176308410, keypress, e, left
index.html:33 1585176308473, keyup, e, left
index.html:51 1585176308614, keypress, Space, center
index.html:33 1585176308659, keyup, Space, center
index.html:51 1585176309472, keypress, h, right
index.html:33 1585176309521, keyup, h, right
index.html:51 1585176309761, keypress, a, left
index.html:33 1585176309818, keyup, a, left
index.html:51 1585176309972, keypress, d, left
index.html:33 1585176310026, keyup, d, left
index.html:51 1585176310110, keypress, Space, center
index.html:33 1585176310156, keyup, Space, center
index.html:51 1585176310346, keypress, t, left
index.html:33 1585176310415, keyup, t, left
index.html:51 1585176310523, keypress, o, left
index.html:33 1585176310571, keyup, o, left
index.html:51 1585176310681, keypress, Space, center
index.html:33 1585176310755, keyup, Space, center
index.html:51 1585176311557, keypress, c, left
index.html:33 1585176311603, keyup, c, left
index.html:51 1585176311780, keypress, o, left
index.html:33 1585176311830, keyup, o, left
index.html:51 1585176311995, keypress, r, left
index.html:33 1585176312058, keyup, r, left
index.html:51 1585176312262, keypress, n, right
index.html:33 1585176312303, keyup, n, right
index.html:51 1585176312382, keypress, e, left
index.html:33 1585176312442, keyup, e, left
index.html:51 1585176312629, keypress, r, left
index.html:33 1585176312690, keyup, r, left
index.html:51 1585176312843, keypress, Space, center
index.html:33 1585176312887, keyup, Space, center
index.html:51 1585176313378, keypress, S, left
index.html:33 1585176313423, keyup, Shift, left
index.html:33 1585176313481, keyup, s, left
index.html:51 1585176313564, keypress, h, right
index.html:33 1585176313613, keyup, h, right
index.html:51 1585176313716, keypress, e, left
index.html:33 1585176313773, keyup, e, left
index.html:51 1585176313921, keypress, r, left
index.html:33 1585176313971, keyup, r, left
index.html:51 1585176314164, keypress, Space, center
index.html:33 1585176314222, keyup, Space, center
index.html:51 1585176314604, keypress, K, right
index.html:33 1585176314657, keyup, K, right
index.html:33 1585176314678, keyup, Shift, left
index.html:51 1585176314809, keypress, h, right
index.html:33 1585176314856, keyup, h, right
index.html:51 1585176314939, keypress, a, left
index.html:33 1585176315002, keyup, a, left
index.html:51 1585176315120, keypress, n, right
index.html:33 1585176315155, keyup, n, right
index.html:51 1585176316131, keypress, ., right
index.html:33 1585176316176, keyup, ., right
index.html:51 1585176316306, keypress, Space, center
index.html:33 1585176316380, keyup, Space, center
index.html:51 1585176317045, keypress, H, right
index.html:33 1585176317082, keyup, H, right
index.html:33 1585176317122, keyup, Shift, left
index.html:51 1585176317296, keypress, e, left
index.html:33 1585176317351, keyup, e, left
index.html:51 1585176317406, keypress, Space, center
index.html:33 1585176317455, keyup, Space, center
index.html:51 1585176317779, keypress, k, left
index.html:33 1585176317841, keyup, k, left
index.html:51 1585176317963, keypress, n, right
index.html:33 1585176318013, keyup, n, right
index.html:51 1585176318203, keypress, e, left
index.html:33 1585176318254, keyup, e, left
index.html:51 1585176318408, keypress, w, left
index.html:33 1585176318473, keyup, w, left
index.html:51 1585176318631, keypress, Space, center
index.html:33 1585176318698, keyup, Space, center
index.html:51 1585176319613, keypress, w, left
index.html:33 1585176319708, keyup, w, left
index.html:51 1585176319756, keypress, h, right
index.html:33 1585176319809, keyup, h, right
index.html:51 1585176319908, keypress, e, left
index.html:33 1585176319963, keyup, e, left
index.html:51 1585176320119, keypress, r, left
index.html:33 1585176320180, keyup, r, left
index.html:51 1585176320364, keypress, e, left
index.html:33 1585176320438, keyup, e, left
index.html:51 1585176320559, keypress, Space, center
index.html:33 1585176320593, keyup, Space, center
index.html:51 1585176321138, keypress, S, left
index.html:33 1585176321194, keyup, Shift, left
index.html:33 1585176321253, keyup, s, left
index.html:51 1585176321320, keypress, h, right
index.html:33 1585176321375, keyup, h, right
index.html:51 1585176321460, keypress, e, left
index.html:33 1585176321520, keyup, e, left
index.html:51 1585176321672, keypress, r, left
index.html:33 1585176321719, keyup, r, left
index.html:51 1585176321856, keypress, Space, center
index.html:33 1585176321905, keyup, Space, center
index.html:51 1585176322271, keypress, K, right
index.html:33 1585176322325, keyup, K, right
index.html:33 1585176322376, keyup, Shift, left
index.html:51 1585176322505, keypress, h, right
index.html:33 1585176322544, keyup, h, right
index.html:51 1585176322641, keypress, a, left
index.html:33 1585176322696, keyup, a, left
index.html:51 1585176323017, keypress, n, right
index.html:33 1585176323060, keyup, n, right
index.html:51 1585176323840, keypress, Space, center
index.html:33 1585176323938, keyup, Space, center
index.html:51 1585176324315, keypress, s, left
index.html:33 1585176324377, keyup, s, left
index.html:51 1585176324529, keypress, p, left
index.html:33 1585176324571, keyup, p, left
index.html:51 1585176324659, keypress, e, left
index.html:33 1585176324735, keyup, e, left
index.html:51 1585176324927, keypress, n, right
index.html:33 1585176324974, keyup, n, right
index.html:51 1585176325244, keypress, t, left
index.html:33 1585176325309, keyup, t, left
index.html:51 1585176325721, keypress, Space, center
index.html:33 1585176325816, keyup, Space, center
index.html:51 1585176326612, keypress, m, right
index.html:33 1585176326685, keyup, m, right
index.html:51 1585176326855, keypress, o, left
index.html:33 1585176326914, keyup, o, left
index.html:51 1585176327045, keypress, s, left
index.html:33 1585176327113, keyup, s, left
index.html:51 1585176327271, keypress, t, left
index.html:33 1585176327324, keyup, t, left
index.html:51 1585176327440, keypress, Space, center
index.html:33 1585176327515, keyup, Space, center
index.html:51 1585176327929, keypress, o, left
index.html:33 1585176327977, keyup, o, left
index.html:51 1585176328061, keypress, f, left
index.html:33 1585176328117, keyup, f, left
index.html:51 1585176328225, keypress, Space, center
index.html:33 1585176328279, keyup, Space, center
index.html:51 1585176328678, keypress, h, right
index.html:33 1585176328727, keyup, h, right
index.html:51 1585176328862, keypress, i, right
index.html:33 1585176328929, keyup, i, right
index.html:51 1585176329194, keypress, s, left
index.html:33 1585176329255, keyup, s, left
index.html:51 1585176329378, keypress, Space, center
index.html:33 1585176329420, keyup, Space, center
index.html:51 1585176329672, keypress, t, left
index.html:33 1585176329734, keyup, t, left
index.html:51 1585176329883, keypress, i, right
index.html:33 1585176329925, keyup, i, right
index.html:51 1585176330127, keypress, m, right
index.html:33 1585176330172, keyup, m, right
index.html:51 1585176330244, keypress, e, left
index.html:33 1585176330319, keyup, e, left
index.html:51 1585176332001, keypress, ., right
index.html:33 1585176332115, keyup, ., right
index.html:51 1585176332508, keypress, Space, center
index.html:33 1585176332593, keyup, Space, center
index.html:51 1585176332958, keypress, I, right
index.html:33 1585176333005, keyup, I, right
index.html:33 1585176333021, keyup, Shift, left
index.html:51 1585176333215, keypress, r, left
index.html:33 1585176333279, keyup, r, left
index.html:33 1585176333721, keyup, Backspace, right
index.html:51 1585176333756, keypress, t, left
index.html:33 1585176333825, keyup, t, left
index.html:51 1585176333988, keypress, Space, center
index.html:33 1585176334071, keyup, Space, center
index.html:51 1585176334406, keypress, w, left
index.html:33 1585176334458, keyup, w, left
index.html:51 1585176334599, keypress, a, left
index.html:33 1585176334649, keyup, a, left
index.html:51 1585176334771, keypress, s, left
index.html:33 1585176334825, keyup, s, left
index.html:51 1585176334941, keypress, Space, center
index.html:33 1585176334978, keyup, Space, center
index.html:51 1585176335404, keypress, o, left
index.html:33 1585176335455, keyup, o, left
index.html:51 1585176335611, keypress, n, right
index.html:33 1585176335646, keyup, n, right
index.html:51 1585176335746, keypress, Space, center
index.html:33 1585176335821, keyup, Space, center
index.html:51 1585176335973, keypress, t, left
index.html:33 1585176336014, keyup, t, left
index.html:51 1585176336140, keypress, h, right
index.html:33 1585176336186, keyup, h, right
index.html:51 1585176336238, keypress, e, left
index.html:33 1585176336293, keyup, e, left
index.html:51 1585176336408, keypress, Space, center
index.html:33 1585176336455, keyup, Space, center
index.html:51 1585176336875, keypress, m, right
index.html:33 1585176336923, keyup, m, right
index.html:51 1585176337079, keypress, o, left
index.html:33 1585176337160, keyup, o, left
index.html:51 1585176337282, keypress, u, right
index.html:33 1585176337337, keyup, u, right
index.html:51 1585176337521, keypress, n, right
index.html:33 1585176337579, keyup, n, right
index.html:51 1585176337819, keypress, t, left
index.html:33 1585176337871, keyup, t, left
index.html:51 1585176337989, keypress, a, left
index.html:33 1585176338045, keyup, a, left
index.html:51 1585176338240, keypress, i, right
index.html:33 1585176338298, keyup, i, right
index.html:51 1585176338555, keypress, n, right
index.html:33 1585176338631, keyup, n, right
index.html:51 1585176340879, keypress, ,, right
index.html:33 1585176340924, keyup, ,, right
index.html:51 1585176340976, keypress, Space, center
index.html:33 1585176341047, keyup, Space, center
index.html:51 1585176341352, keypress, f, left
index.html:33 1585176341396, keyup, f, left
index.html:51 1585176341462, keypress, a, left
index.html:33 1585176341505, keyup, a, left
index.html:51 1585176341694, keypress, r, left
index.html:33 1585176341745, keyup, r, left
index.html:51 1585176341871, keypress, Space, center
index.html:33 1585176341923, keyup, Space, center
index.html:51 1585176343297, keypress, f, left
index.html:33 1585176343385, keyup, f, left
index.html:51 1585176343428, keypress, r, left
index.html:33 1585176343524, keyup, r, left
index.html:51 1585176343674, keypress, o, left
index.html:33 1585176343742, keyup, o, left
index.html:51 1585176343930, keypress, m, right
index.html:33 1585176343980, keyup, m, right
index.html:51 1585176344059, keypress, Space, center
index.html:33 1585176344107, keyup, Space, center
index.html:51 1585176344680, keypress, M, right
index.html:33 1585176344725, keyup, M, right
index.html:33 1585176344772, keyup, Shift, left
index.html:51 1585176344907, keypress, o, left
index.html:33 1585176344942, keyup, o, left
index.html:51 1585176345149, keypress, w, left
index.html:33 1585176345207, keyup, w, left
index.html:51 1585176345808, keypress, g, left
index.html:33 1585176345849, keyup, g, left
index.html:51 1585176346063, keypress, l, right
index.html:33 1585176346109, keyup, l, right
index.html:51 1585176346226, keypress, i, right
index.html:33 1585176346273, keyup, i, right
index.html:51 1585176346706, keypress, ', right
index.html:33 1585176346760, keyup, ', right
index.html:51 1585176346954, keypress, s, left
index.html:33 1585176347011, keyup, s, left
index.html:51 1585176347407, keypress, Space, center
index.html:33 1585176347477, keyup, Space, center
index.html:51 1585176348173, keypress, c, left
index.html:33 1585176348221, keyup, c, left
index.html:51 1585176348432, keypress, a, left
index.html:33 1585176348498, keyup, a, left
index.html:51 1585176348684, keypress, v, left
index.html:33 1585176348723, keyup, v, left
index.html:51 1585176348779, keypress, e, left
index.html:33 1585176348825, keyup, e, left
index.html:51 1585176349166, keypress, ., right
index.html:33 1585176349203, keyup, ., right
index.html:51 1585176350100, keypress, Space, center
index.html:33 1585176350210, keyup, Space, center
index.html:51 1585176350830, keypress, H, right
index.html:33 1585176350873, keyup, H, right
index.html:33 1585176350899, keyup, Shift, left
index.html:51 1585176351072, keypress, e, left
index.html:33 1585176351123, keyup, e, left
index.html:51 1585176351214, keypress, Space, center
index.html:33 1585176351278, keyup, Space, center
index.html:51 1585176351504, keypress, d, left
index.html:33 1585176351575, keyup, d, left
index.html:51 1585176351639, keypress, i, right
index.html:33 1585176351694, keyup, i, right
index.html:51 1585176351797, keypress, d, left
index.html:33 1585176351861, keyup, d, left
index.html:51 1585176352017, keypress, Space, center
index.html:33 1585176352075, keyup, Space, center
index.html:51 1585176352216, keypress, n, right
index.html:33 1585176352257, keyup, n, right
index.html:51 1585176352391, keypress, o, left
index.html:33 1585176352440, keyup, o, left
index.html:51 1585176352520, keypress, t, left
index.html:33 1585176352579, keyup, t, left
index.html:51 1585176352670, keypress, Space, center
index.html:33 1585176352727, keyup, Space, center
index.html:51 1585176353353, keypress, w, left
index.html:33 1585176353399, keyup, w, left
index.html:51 1585176353565, keypress, a, left
index.html:33 1585176353640, keyup, a, left
index.html:51 1585176353730, keypress, n, right
index.html:33 1585176353794, keyup, n, right
index.html:51 1585176353988, keypress, t, left
index.html:33 1585176354038, keyup, t, left
index.html:51 1585176354091, keypress, Space, center
index.html:33 1585176354154, keyup, Space, center
index.html:51 1585176354461, keypress, S, left
index.html:33 1585176354537, keyup, Shift, left
index.html:33 1585176354589, keyup, s, left
index.html:51 1585176354644, keypress, h, right
index.html:33 1585176354691, keyup, h, right
index.html:51 1585176354806, keypress, e, left
index.html:33 1585176354872, keyup, e, left
index.html:51 1585176354991, keypress, r, left
index.html:33 1585176355047, keyup, r, left
index.html:51 1585176355200, keypress, Space, center
index.html:33 1585176355239, keyup, Space, center
index.html:51 1585176355703, keypress, K, right
index.html:33 1585176355748, keyup, K, right
index.html:33 1585176355792, keyup, Shift, left
index.html:51 1585176355927, keypress, h, right
index.html:33 1585176355976, keyup, h, right
index.html:51 1585176356074, keypress, a, left
index.html:33 1585176356113, keyup, a, left
index.html:51 1585176356191, keypress, n, right
index.html:33 1585176356228, keyup, n, right
index.html:51 1585176356353, keypress, Space, center
index.html:33 1585176356406, keyup, Space, center
index.html:51 1585176356831, keypress, t, left
index.html:33 1585176356885, keyup, t, left
index.html:51 1585176356965, keypress, o, left
index.html:33 1585176357032, keyup, o, left
index.html:51 1585176357156, keypress, Space, center
index.html:33 1585176357231, keyup, Space, center
index.html:51 1585176357931, keypress, n, right
index.html:33 1585176357971, keyup, n, right
index.html:51 1585176358380, keypress, o, left
index.html:33 1585176358441, keyup, o, left
index.html:51 1585176358771, keypress, t, left
index.html:33 1585176358823, keyup, t, left
index.html:51 1585176358892, keypress, i, right
index.html:33 1585176358943, keyup, i, right
index.html:51 1585176359137, keypress, c, left
index.html:33 1585176359251, keyup, c, left
index.html:51 1585176359253, keypress, e, left
index.html:33 1585176359360, keyup, e, left
index.html:51 1585176359485, keypress, Space, center
index.html:33 1585176359548, keyup, Space, center
index.html:51 1585176363593, keypress, h, right
index.html:33 1585176363628, keyup, h, right
index.html:51 1585176363795, keypress, i, right
index.html:33 1585176363859, keyup, i, right
index.html:51 1585176364010, keypress, m, right
index.html:33 1585176364062, keyup, m, right
index.html:51 1585176364176, keypress, Space, center
index.html:33 1585176364227, keyup, Space, center
index.html:51 1585176364455, keypress, b, left
index.html:33 1585176364514, keyup, b, left
index.html:51 1585176364599, keypress, e, left
index.html:33 1585176364656, keyup, e, left
index.html:51 1585176364859, keypress, c, left
index.html:33 1585176364896, keyup, c, left
index.html:51 1585176365123, keypress, a, left
index.html:33 1585176365186, keyup, a, left
index.html:51 1585176365315, keypress, u, right
index.html:33 1585176365373, keyup, u, right
index.html:51 1585176365549, keypress, s, left
index.html:33 1585176365614, keyup, s, left
index.html:51 1585176365775, keypress, e, left
index.html:33 1585176365840, keyup, e, left
index.html:51 1585176365944, keypress, Space, center
index.html:33 1585176366008, keyup, Space, center
index.html:51 1585176366378, keypress, t, left
index.html:33 1585176366414, keyup, t, left
index.html:51 1585176366540, keypress, h, right
index.html:33 1585176366610, keyup, h, right
index.html:51 1585176366659, keypress, a, left
index.html:33 1585176366724, keyup, a, left
index.html:51 1585176366787, keypress, t, left
index.html:33 1585176366839, keyup, t, left
index.html:51 1585176366944, keypress, Space, center
index.html:33 1585176366993, keyup, Space, center
index.html:51 1585176367280, keypress, w, left
index.html:33 1585176367344, keyup, w, left
index.html:51 1585176367409, keypress, o, left
index.html:33 1585176367470, keyup, o, left
index.html:51 1585176367590, keypress, u, right
index.html:33 1585176367644, keyup, u, right
index.html:51 1585176367774, keypress, l, right
index.html:33 1585176367840, keyup, l, right
index.html:51 1585176367958, keypress, d, left
index.html:33 1585176368025, keyup, d, left
index.html:51 1585176368160, keypress, Space, center
index.html:33 1585176368203, keyup, Space, center
index.html:51 1585176368949, keypress, b, left
index.html:33 1585176368988, keyup, b, left
index.html:51 1585176369060, keypress, e, left
index.html:33 1585176369104, keyup, e, left
index.html:51 1585176369219, keypress, Space, center
index.html:33 1585176369264, keyup, Space, center
index.html:51 1585176369811, keypress, t, left
index.html:33 1585176369858, keyup, t, left
index.html:51 1585176370001, keypress, h, right
index.html:33 1585176370061, keyup, h, right
index.html:51 1585176370119, keypress, e, left
index.html:33 1585176370172, keyup, e, left
index.html:51 1585176370257, keypress, Space, center
index.html:33 1585176370307, keyup, Space, center
index.html:51 1585176370519, keypress, e, left
index.html:33 1585176370576, keyup, e, left
index.html:51 1585176370682, keypress, n, right
index.html:33 1585176370724, keyup, n, right
index.html:51 1585176370932, keypress, d, left
index.html:33 1585176370977, keyup, d, left
index.html:51 1585176371106, keypress, Space, center
index.html:33 1585176371158, keyup, Space, center
index.html:51 1585176371828, keypress, o, left
index.html:33 1585176371880, keyup, o, left
index.html:51 1585176371930, keypress, f, left
index.html:33 1585176371974, keyup, f, left
index.html:51 1585176372083, keypress, Space, center
index.html:33 1585176372139, keyup, Space, center
index.html:51 1585176372356, keypress, h, right
index.html:33 1585176372406, keyup, h, right
index.html:51 1585176372550, keypress, i, right
index.html:33 1585176372617, keyup, i, right
index.html:51 1585176372794, keypress, m, right
index.html:33 1585176372827, keyup, m, right
index.html:51 1585176373410, keypress, ., right
index.html:33 1585176373512, keyup, ., right
index.html:51 1585176373617, keypress, Space, center
index.html:33 1585176373725, keyup, Space, center
index.html:51 1585176374282, keypress, M, right
index.html:33 1585176374309, keyup, M, right
index.html:33 1585176374372, keyup, Shift, left
index.html:51 1585176374539, keypress, o, left
index.html:33 1585176374578, keyup, o, left
index.html:51 1585176375057, keypress, w, left
index.html:33 1585176375129, keyup, w, left
index.html:51 1585176375433, keypress, g, left
index.html:33 1585176375463, keyup, g, left
index.html:51 1585176375725, keypress, l, right
index.html:33 1585176375784, keyup, l, right
index.html:51 1585176375973, keypress, u, right
index.html:33 1585176376030, keyup, u, right
index.html:33 1585176376494, keyup, Backspace, right
index.html:51 1585176376673, keypress, i, right
index.html:33 1585176376726, keyup, i, right
index.html:51 1585176376834, keypress, Space, center
index.html:33 1585176376908, keyup, Space, center
index.html:51 1585176377111, keypress, t, left
index.html:33 1585176377165, keyup, t, left
index.html:51 1585176377322, keypress, h, right
index.html:33 1585176377377, keyup, h, right
index.html:51 1585176377512, keypress, o, left
index.html:33 1585176377574, keyup, o, left
index.html:51 1585176377672, keypress, u, right
index.html:33 1585176377745, keyup, u, right
index.html:51 1585176377951, keypress, g, left
index.html:33 1585176378003, keyup, g, left
index.html:51 1585176378109, keypress, h, right
index.html:33 1585176378170, keyup, h, right
index.html:51 1585176378304, keypress, t, left
index.html:33 1585176378361, keyup, t, left
index.html:51 1585176381214, keypress, ,, right
index.html:33 1585176381265, keyup, ,, right
index.html:51 1585176381331, keypress, Space, center
index.html:33 1585176381392, keyup, Space, center
index.html:51 1585176381788, keypress, I, right
index.html:33 1585176381838, keyup, I, right
index.html:33 1585176381865, keyup, Shift, left
index.html:51 1585176382033, keypress, Space, center
index.html:33 1585176382082, keyup, Space, center
index.html:51 1585176382194, keypress, s, left
index.html:33 1585176382254, keyup, s, left
index.html:51 1585176382342, keypress, h, right
index.html:33 1585176382381, keyup, h, right
index.html:51 1585176382599, keypress, o, left
index.html:33 1585176382674, keyup, o, left
index.html:51 1585176382798, keypress, u, right
index.html:33 1585176382844, keyup, u, right
index.html:51 1585176382978, keypress, l, right
index.html:33 1585176383033, keyup, l, right
index.html:51 1585176383123, keypress, d, left
index.html:33 1585176383163, keyup, d, left
index.html:51 1585176384015, keypress, Space, center
index.html:33 1585176384066, keyup, Space, center
index.html:51 1585176384381, keypress, g, left
index.html:33 1585176384436, keyup, g, left
index.html:51 1585176384595, keypress, o, left
index.html:33 1585176384656, keyup, o, left
index.html:51 1585176384754, keypress, Space, center
index.html:33 1585176384812, keyup, Space, center
index.html:51 1585176385076, keypress, a, left
index.html:33 1585176385142, keyup, a, left
index.html:51 1585176385348, keypress, r, left
index.html:33 1585176385408, keyup, r, left
index.html:51 1585176385480, keypress, o, left
index.html:33 1585176385544, keyup, o, left
index.html:51 1585176385662, keypress, u, right
index.html:33 1585176385725, keyup, u, right
index.html:51 1585176385907, keypress, n, right
index.html:33 1585176385949, keyup, n, right
index.html:51 1585176386359, keypress, d, left
index.html:33 1585176386412, keyup, d, left
index.html:51 1585176387641, keypress, Space, center
index.html:33 1585176387719, keyup, Space, center
index.html:51 1585176387930, keypress, t, left
index.html:33 1585176387971, keyup, t, left
index.html:51 1585176388096, keypress, h, right
index.html:33 1585176388156, keyup, h, right
index.html:51 1585176388195, keypress, e, left
index.html:33 1585176388256, keyup, e, left
index.html:51 1585176388365, keypress, Space, center
index.html:33 1585176388424, keyup, Space, center
index.html:51 1585176388853, keypress, m, right
index.html:33 1585176388897, keyup, m, right
index.html:51 1585176389047, keypress, o, left
index.html:33 1585176389118, keyup, o, left
index.html:51 1585176389248, keypress, u, right
index.html:33 1585176389303, keyup, u, right
index.html:51 1585176389487, keypress, n, right
index.html:33 1585176389531, keyup, n, right
index.html:51 1585176389741, keypress, t, left
index.html:33 1585176389789, keyup, t, left
index.html:51 1585176389884, keypress, a, left
index.html:33 1585176389964, keyup, a, left
index.html:51 1585176390077, keypress, i, right
index.html:33 1585176390137, keyup, i, right
index.html:51 1585176390281, keypress, n, right
index.html:33 1585176390338, keyup, n, right
index.html:51 1585176391008, keypress, Space, center
index.html:33 1585176391057, keyup, Space, center
index.html:51 1585176391343, keypress, a, left
index.html:33 1585176391402, keyup, a, left
index.html:51 1585176391497, keypress, n, right
index.html:33 1585176391540, keyup, n, right
index.html:51 1585176391591, keypress, d, left
index.html:33 1585176391651, keyup, d, left
index.html:51 1585176391711, keypress, Space, center
index.html:33 1585176391741, keyup, Space, center
index.html:51 1585176391924, keypress, t, left
index.html:33 1585176391958, keyup, t, left
index.html:51 1585176392087, keypress, h, right
index.html:33 1585176392139, keyup, h, right
index.html:51 1585176392205, keypress, e, left
index.html:33 1585176392255, keyup, e, left
index.html:51 1585176392333, keypress, Space, center
index.html:33 1585176392390, keyup, Space, center
index.html:51 1585176392799, keypress, t, left
index.html:33 1585176392860, keyup, t, left
index.html:51 1585176392995, keypress, o, left
index.html:33 1585176393045, keyup, o, left
index.html:51 1585176393175, keypress, p, left
index.html:33 1585176393234, keyup, p, left
index.html:51 1585176393362, keypress, Space, center
index.html:33 1585176393448, keyup, Space, center
index.html:51 1585176393853, keypress, w, left
index.html:33 1585176393915, keyup, w, left
index.html:51 1585176394146, keypress, i, right
index.html:33 1585176394192, keyup, i, right
index.html:51 1585176394308, keypress, t, left
index.html:33 1585176394346, keyup, t, left
index.html:51 1585176394472, keypress, h, right
index.html:33 1585176394528, keyup, h, right
index.html:51 1585176394681, keypress, o, left
index.html:33 1585176394740, keyup, o, left
index.html:51 1585176394868, keypress, u, right
index.html:33 1585176394921, keyup, u, right
index.html:51 1585176395344, keypress, t, left
index.html:33 1585176395389, keyup, t, left
index.html:51 1585176395492, keypress, Space, center
index.html:33 1585176395566, keyup, Space, center
index.html:51 1585176396071, keypress, S, left
index.html:33 1585176396137, keyup, Shift, left
index.html:33 1585176396189, keyup, s, left
index.html:51 1585176396242, keypress, h, right
index.html:33 1585176396297, keyup, h, right
index.html:51 1585176396400, keypress, e, left
index.html:33 1585176396470, keyup, e, left
index.html:51 1585176396599, keypress, r, left
index.html:33 1585176396657, keyup, r, left
index.html:51 1585176396997, keypress, Space, center
index.html:33 1585176397043, keyup, Space, center
index.html:51 1585176397308, keypress, K, right
index.html:33 1585176397367, keyup, K, right
index.html:33 1585176397463, keyup, Shift, left
index.html:51 1585176397682, keypress, h, right
index.html:33 1585176397736, keyup, h, right
index.html:51 1585176397828, keypress, a, left
index.html:33 1585176397901, keyup, a, left
index.html:51 1585176398274, keypress, n, right
index.html:33 1585176398323, keyup, n, right
index.html:51 1585176398388, keypress, Space, center
index.html:33 1585176398463, keyup, Space, center
index.html:51 1585176398861, keypress, n, right
index.html:33 1585176398895, keyup, n, right
index.html:51 1585176399096, keypress, o, left
index.html:33 1585176399145, keyup, o, left
index.html:51 1585176399315, keypress, t, left
index.html:33 1585176399375, keyup, t, left
index.html:51 1585176399519, keypress, i, right
index.html:33 1585176399563, keyup, i, right
index.html:51 1585176400153, keypress, c, left
index.html:33 1585176400195, keyup, c, left
index.html:51 1585176400305, keypress, i, right
index.html:33 1585176400348, keyup, i, right
index.html:51 1585176400501, keypress, n, right
index.html:33 1585176400540, keyup, n, right
index.html:51 1585176400642, keypress, g, left
index.html:33 1585176400705, keyup, g, left
index.html:51 1585176401277, keypress, Space, center
index.html:33 1585176401338, keyup, Space, center
index.html:33 1585176402075, keyup, Backspace, right
index.html:51 1585176402623, keypress, ., right
index.html:33 1585176402673, keyup, ., right
index.html:51 1585176402759, keypress, Space, center
index.html:33 1585176402830, keyup, Space, center
index.html:51 1585176403925, keypress, F, left
index.html:33 1585176403975, keyup, Shift, left
index.html:33 1585176404020, keyup, f, left
index.html:51 1585176404152, keypress, r, left
index.html:33 1585176404206, keyup, r, left
index.html:51 1585176404351, keypress, o, left
index.html:33 1585176404409, keyup, o, left
index.html:51 1585176404584, keypress, m, right
index.html:33 1585176404620, keyup, m, right
index.html:51 1585176404750, keypress, Space, center
index.html:33 1585176404809, keyup, Space, center
index.html:51 1585176404966, keypress, t, left
index.html:33 1585176405008, keyup, t, left
index.html:51 1585176405127, keypress, h, right
index.html:33 1585176405190, keyup, h, right
index.html:51 1585176405240, keypress, e, left
index.html:33 1585176405290, keyup, e, left
index.html:51 1585176405378, keypress, Space, center
index.html:33 1585176405426, keyup, Space, center
index.html:51 1585176406024, keypress, t, left
index.html:33 1585176406094, keyup, t, left
index.html:51 1585176406287, keypress, o, left
index.html:33 1585176406340, keyup, o, left
index.html:51 1585176406494, keypress, p, left
index.html:33 1585176406547, keyup, p, left
index.html:51 1585176407435, keypress, Space, center
index.html:33 1585176407521, keyup, Space, center
index.html:51 1585176407991, keypress, t, left
index.html:33 1585176408026, keyup, t, left
index.html:51 1585176408156, keypress, h, right
index.html:33 1585176408206, keyup, h, right
index.html:51 1585176408280, keypress, e, left
index.html:33 1585176408321, keyup, e, left
index.html:51 1585176408442, keypress, Space, center
index.html:33 1585176408492, keyup, Space, center
index.html:51 1585176408674, keypress, b, left
index.html:33 1585176408724, keyup, b, left
index.html:51 1585176408860, keypress, u, right
index.html:33 1585176408910, keyup, u, right
index.html:51 1585176409183, keypress, l, right
index.html:33 1585176409235, keyup, l, right
index.html:51 1585176409307, keypress, l, right
index.html:33 1585176409361, keyup, l, right
index.html:51 1585176409473, keypress, s, left
index.html:33 1585176409531, keyup, s, left
index.html:51 1585176409896, keypress, Space, center
index.html:33 1585176409959, keyup, Space, center
index.html:51 1585176410425, keypress, c, left
index.html:33 1585176410452, keyup, c, left
index.html:51 1585176410694, keypress, a, left
index.html:33 1585176410739, keyup, a, left
index.html:51 1585176410823, keypress, n, right
index.html:33 1585176410877, keyup, n, right
index.html:51 1585176411042, keypress, Space, center
index.html:33 1585176411072, keyup, Space, center
index.html:51 1585176411825, keypress, c, left
index.html:33 1585176411875, keyup, c, left
index.html:51 1585176412011, keypress, h, right
index.html:33 1585176412058, keyup, h, right
index.html:51 1585176412172, keypress, a, left
index.html:33 1585176412242, keyup, a, left
index.html:51 1585176412567, keypress, r, left
index.html:33 1585176412638, keyup, r, left
index.html:51 1585176412731, keypress, g, left
index.html:33 1585176412782, keyup, g, left
index.html:51 1585176412862, keypress, e, left
index.html:33 1585176412931, keyup, e, left
index.html:51 1585176413063, keypress, Space, center
index.html:33 1585176413140, keyup, Space, center
index.html:51 1585176413760, keypress, a, left
index.html:33 1585176413850, keyup, a, left
index.html:51 1585176414006, keypress, t, left
index.html:33 1585176414056, keyup, t, left
index.html:51 1585176414148, keypress, Space, center
index.html:33 1585176414191, keyup, Space, center
index.html:51 1585176414605, keypress, S, left
index.html:33 1585176414664, keyup, Shift, left
index.html:33 1585176414713, keyup, s, left
index.html:51 1585176414782, keypress, h, right
index.html:33 1585176414840, keyup, h, right
index.html:51 1585176414953, keypress, e, left
index.html:33 1585176415014, keyup, e, left
index.html:51 1585176415176, keypress, r, left
index.html:33 1585176415229, keyup, r, left
